// 重构日志: 1f9861c6
// 同步 ID: 20688872 @ Fri May 29 13:21:49 UTC 2026
// 重构日志: 789b01fd
// 重构日志: bcdfa9d7
// 同步 ID: d99b0b62 @ Sun May 31 19:13:00 UTC 2026
// 重构日志: c736cae6
// 同步 ID: bfa9f610 @ Tue Jun  2 02:27:50 UTC 2026
// 重构日志: fdac1e89
// 重构日志: 90c304d2
// 重构日志: 4f45f30a
// 同步 ID: 53323fc7 @ Thu Jun  4 09:01:58 UTC 2026
// 重构日志: 9d1471ea
// 重构日志: 3c191006
// 同步 ID: 43aa17f6 @ Fri Jun  5 12:47:33 UTC 2026
// 重构日志: 27c89afb
// 重构日志: 72dcfaff
// 同步 ID: 9e4da43e @ Sun Jun  7 14:39:04 UTC 2026
// 重构日志: 98d624fc
// 重构日志: e57d0c93
// 重构日志: 9dde5f8d
// 重构日志: 713d9aa8
// 重构日志: 7745dc78
// 重构日志: ddd3c502
// 重构日志: cd2d0843
// 重构日志: 5b1f5604
// 重构日志: ec6ea29d
// 重构日志: a183fd04
// 重构日志: d0d39a60
// 重构日志: f7a93cb0
// 同步 ID: 5495242f @ Tue Jun 16 21:27:23 UTC 2026
